<?xml version="1.0" encoding="UTF-8"?>
<robot generator="Robot 5.0.1 (Python 3.9.13 on darwin)" generated="20230129 16:26:26.880" rpa="false" schemaversion="3">
<suite id="s1" name="Robot Interactive Console" source="/Users/tonidzalto/.vscode/extensions/robocorp.robotframework-lsp-1.8.0/src/robotframework_ls/vendored/robotframework_interactive/robot_interactive_console.robot">
<test id="s1-t1" name="Default Task/Test" line="5">
<kw name="Interpreter Main Loop" library="MainLoop">
<kw name="Click Button" library="RPA.Browser.Selenium">
<arg>.btn-dark</arg>
<doc>Clicks the button identified by ``locator``.</doc>
<msg timestamp="20230129 16:27:14.329" level="FAIL">No browser is open.</msg>
<status status="FAIL" starttime="20230129 16:27:14.327" endtime="20230129 16:27:14.333"/>
</kw>
<kw name="Open Available Browser" library="RPA.Browser.Selenium">
<arg>${URL}</arg>
<doc>Attempts to open a browser on the user's device from a set of
supported browsers. Automatically downloads a corresponding webdriver
if none is already installed.</doc>
<msg timestamp="20230129 16:27:34.089" level="FAIL">Variable '${URL}' not found.</msg>
<status status="FAIL" starttime="20230129 16:27:34.087" endtime="20230129 16:27:34.089"/>
</kw>
<kw name="Open Available Browser" library="RPA.Browser.Selenium">
<arg>https://robotsparebinindustries.com/#/robot-order</arg>
<doc>Attempts to open a browser on the user's device from a set of
supported browsers. Automatically downloads a corresponding webdriver
if none is already installed.</doc>
<status status="PASS" starttime="20230129 16:27:55.869" endtime="20230129 16:28:04.468"/>
</kw>
<kw name="Click Button" library="RPA.Browser.Selenium">
<arg>.btn-dark</arg>
<doc>Clicks the button identified by ``locator``.</doc>
<msg timestamp="20230129 16:28:12.706" level="FAIL">Button with locator '.btn-dark' not found.</msg>
<status status="FAIL" starttime="20230129 16:28:12.479" endtime="20230129 16:28:12.707"/>
</kw>
<kw name="Click Button" library="RPA.Browser.Selenium">
<arg>btn-dark</arg>
<doc>Clicks the button identified by ``locator``.</doc>
<msg timestamp="20230129 16:28:30.166" level="FAIL">Button with locator 'btn-dark' not found.</msg>
<status status="FAIL" starttime="20230129 16:28:30.003" endtime="20230129 16:28:30.166"/>
</kw>
<kw name="Click Button" library="RPA.Browser.Selenium">
<arg>class:btn-dark</arg>
<doc>Clicks the button identified by ``locator``.</doc>
<status status="PASS" starttime="20230129 16:31:26.825" endtime="20230129 16:31:27.050"/>
</kw>
<kw name="Click Element" library="RPA.Browser.Selenium">
<arg>class:btn-dark</arg>
<doc>Click the element identified by ``locator``.</doc>
<msg timestamp="20230129 16:33:19.925" level="FAIL">ElementNotInteractableException: Message: element not interactable
  (Session info: chrome=109.0.5414.119)
Stacktrace:
0   chromedriver                        0x0000000102882fa8 chromedriver + 4886440
1   chromedriver                        0x0000000102800643 chromedriver + 4351555
2   chromedriver                        0x000000010244e99d chromedriver + 477597
3   chromedriver                        0x0000000102494f51 chromedriver + 765777
4   chromedriver                        0x0000000102485d73 chromedriver + 703859
5   chromedriver                        0x00000001024b95d2 chromedriver + 914898
6   chromedriver                        0x00000001024853dd chromedriver + 701405
7   chromedriver                        0x00000001024b978e chromedriver + 915342
8   chromedriver                        0x00000001024d45fe chromedriver + 1025534
9   chromedriver                        0x00000001024b93a3 chromedriver + 914339
10  chromedriver                        0x000000010248357f chromedriver + 693631
11  chromedriver                        0x0000000102484b1e chromedriver + 699166
12  chromedriver                        0x000000010284fb9e chromedriver + 4676510
13  chromedriver                        0x000000010285491e chromedriver + 4696350
14  chromedriver                        0x000000010285c19f chromedriver + 4727199
15  chromedriver                        0x000000010285581a chromedriver + 4700186
16  chromedriver                        0x0000000102828a62 chromedriver + 4516450
17  chromedriver                        0x00000001028748c8 chromedriver + 4827336
18  chromedriver                        0x0000000102874a45 chromedriver + 4827717
19  chromedriver                        0x000000010288a7ef chromedriver + 4917231
20  libsystem_pthread.dylib             0x00007ff80d76b259 _pthread_start + 125
21  libsystem_pthread.dylib             0x00007ff80d766c7b thread_start + 15
</msg>
<status status="FAIL" starttime="20230129 16:33:19.768" endtime="20230129 16:33:19.927"/>
</kw>
<kw name="Read table from CSV">
<arg>https://robotsparebinindustries.com/orders.csv</arg>
<msg timestamp="20230129 16:43:25.124" level="FAIL">No keyword with name 'Read table from CSV' found.</msg>
<status status="FAIL" starttime="20230129 16:43:25.123" endtime="20230129 16:43:25.124"/>
</kw>
<kw name="Read table from CSV" library="RPA.Tables">
<arg>https://robotsparebinindustries.com/orders.csv</arg>
<doc>Read a CSV file as a table.</doc>
<msg timestamp="20230129 16:44:05.603" level="FAIL">FileNotFoundError: [Errno 2] No such file or directory: 'https://robotsparebinindustries.com/orders.csv'</msg>
<status status="FAIL" starttime="20230129 16:44:05.601" endtime="20230129 16:44:05.603"/>
</kw>
<kw name="Download">
<arg>${CSV_URL}</arg>
<arg>overwrite=True</arg>
<msg timestamp="20230129 17:54:06.261" level="FAIL">No keyword with name 'Download' found.</msg>
<status status="FAIL" starttime="20230129 17:54:06.261" endtime="20230129 17:54:06.262"/>
</kw>
<kw name="Read table from CSV" library="RPA.Tables">
<var>${orders}</var>
<arg>order.csv</arg>
<arg>header=True</arg>
<doc>Read a CSV file as a table.</doc>
<status status="NOT RUN" starttime="20230129 17:54:06.262" endtime="20230129 17:54:06.262"/>
</kw>
<kw name="Log" library="BuiltIn">
<arg>${orders}</arg>
<doc>Logs the given message with the given level.</doc>
<status status="NOT RUN" starttime="20230129 17:54:06.262" endtime="20230129 17:54:06.262"/>
</kw>
<kw name="Library">
<arg>RPA.HTTP</arg>
<msg timestamp="20230129 17:54:22.112" level="FAIL">No keyword with name 'Library' found.</msg>
<status status="FAIL" starttime="20230129 17:54:22.112" endtime="20230129 17:54:22.112"/>
</kw>
<kw name="Download" library="RPA.HTTP">
<arg>${CSV_URL}</arg>
<arg>overwrite=True</arg>
<doc>An alias for the ``HTTP Get`` keyword.</doc>
<msg timestamp="20230129 17:55:50.485" level="FAIL">Variable '${CSV_URL}' not found.</msg>
<status status="FAIL" starttime="20230129 17:55:50.483" endtime="20230129 17:55:50.485"/>
</kw>
<kw name="Read table from CSV" library="RPA.Tables">
<var>${orders}</var>
<arg>order.csv</arg>
<arg>header=True</arg>
<doc>Read a CSV file as a table.</doc>
<status status="NOT RUN" starttime="20230129 17:55:50.485" endtime="20230129 17:55:50.485"/>
</kw>
<kw name="Log" library="BuiltIn">
<arg>${orders}</arg>
<doc>Logs the given message with the given level.</doc>
<status status="NOT RUN" starttime="20230129 17:55:50.485" endtime="20230129 17:55:50.485"/>
</kw>
<kw name="Download" library="RPA.HTTP">
<arg>https://robotsparebinindustries.com/orders.csv</arg>
<arg>overwrite=True</arg>
<doc>An alias for the ``HTTP Get`` keyword.</doc>
<status status="PASS" starttime="20230129 17:56:12.989" endtime="20230129 17:56:13.966"/>
</kw>
<kw name="Read table from CSV" library="RPA.Tables">
<var>${orders}</var>
<arg>order.csv</arg>
<arg>header=True</arg>
<doc>Read a CSV file as a table.</doc>
<msg timestamp="20230129 17:56:13.969" level="FAIL">FileNotFoundError: [Errno 2] No such file or directory: 'order.csv'</msg>
<status status="FAIL" starttime="20230129 17:56:13.967" endtime="20230129 17:56:13.969"/>
</kw>
<kw name="Log" library="BuiltIn">
<arg>${orders}</arg>
<doc>Logs the given message with the given level.</doc>
<status status="NOT RUN" starttime="20230129 17:56:13.969" endtime="20230129 17:56:13.969"/>
</kw>
<kw name="Download" library="RPA.HTTP">
<arg>https://robotsparebinindustries.com/orders.csv</arg>
<arg>overwrite=True</arg>
<doc>An alias for the ``HTTP Get`` keyword.</doc>
<status status="PASS" starttime="20230129 17:56:44.383" endtime="20230129 17:56:44.444"/>
</kw>
<kw name="Read table from CSV" library="RPA.Tables">
<var>${orders}</var>
<arg>orders.csv</arg>
<arg>header=True</arg>
<doc>Read a CSV file as a table.</doc>
<msg timestamp="20230129 17:56:44.447" level="INFO">${orders} = Table(columns=['Order number', 'Head', 'Body', 'Legs', 'Address'], rows=20)</msg>
<status status="PASS" starttime="20230129 17:56:44.444" endtime="20230129 17:56:44.447"/>
</kw>
<kw name="Log" library="BuiltIn">
<arg>${orders}</arg>
<doc>Logs the given message with the given level.</doc>
<status status="PASS" starttime="20230129 17:56:44.447" endtime="20230129 17:56:44.447"/>
</kw>
<kw name="Download" library="RPA.HTTP">
<arg>https://robotsparebinindustries.com/orders.csv</arg>
<arg>overwrite=True</arg>
<doc>An alias for the ``HTTP Get`` keyword.</doc>
<status status="PASS" starttime="20230129 17:57:21.207" endtime="20230129 17:57:21.287"/>
</kw>
<kw name="Read table from CSV" library="RPA.Tables">
<var>${orders}</var>
<arg>orders.csv</arg>
<arg>header=True</arg>
<doc>Read a CSV file as a table.</doc>
<msg timestamp="20230129 17:57:21.289" level="INFO">${orders} = Table(columns=['Order number', 'Head', 'Body', 'Legs', 'Address'], rows=20)</msg>
<status status="PASS" starttime="20230129 17:57:21.288" endtime="20230129 17:57:21.289"/>
</kw>
<kw name="Log" library="BuiltIn">
<arg>${orders}</arg>
<doc>Logs the given message with the given level.</doc>
<status status="PASS" starttime="20230129 17:57:21.289" endtime="20230129 17:57:21.289"/>
</kw>
<kw name="Read table from CSV" library="RPA.Tables">
<var>${orders}</var>
<arg>orders.csv</arg>
<arg>header=True</arg>
<doc>Read a CSV file as a table.</doc>
<msg timestamp="20230129 17:58:01.212" level="INFO">${orders} = Table(columns=['Order number', 'Head', 'Body', 'Legs', 'Address'], rows=20)</msg>
<status status="PASS" starttime="20230129 17:58:01.209" endtime="20230129 17:58:01.212"/>
</kw>
<kw name="Log" library="BuiltIn">
<arg>${orders}</arg>
<doc>Logs the given message with the given level.</doc>
<status status="PASS" starttime="20230129 17:58:01.212" endtime="20230129 17:58:01.212"/>
</kw>
<kw name="Log" library="BuiltIn">
<arg>hello</arg>
<doc>Logs the given message with the given level.</doc>
<status status="PASS" starttime="20230129 17:58:31.679" endtime="20230129 17:58:31.680"/>
</kw>
<kw name="Select From List By Value" library="RPA.Browser.Selenium">
<arg>name:head</arg>
<arg>1</arg>
<doc>Selects options from selection list ``locator`` by ``values``.</doc>
<msg timestamp="20230129 18:07:26.862" level="FAIL">NoSuchWindowException: Message: no such window: target window already closed
from unknown error: web view not found
  (Session info: chrome=109.0.5414.119)
Stacktrace:
0   chromedriver                        0x0000000102882fa8 chromedriver + 4886440
1   chromedriver                        0x0000000102800643 chromedriver + 4351555
2   chromedriver                        0x000000010244eb27 chromedriver + 477991
3   chromedriver                        0x00000001024240a5 chromedriver + 303269
4   chromedriver                        0x00000001024be8ef chromedriver + 936175
5   chromedriver                        0x00000001024d3ad3 chromedriver + 1022675
6   chromedriver                        0x00000001024b93a3 chromedriver + 914339
7   chromedriver                        0x000000010248357f chromedriver + 693631
8   chromedriver                        0x0000000102484b1e chromedriver + 699166
9   chromedriver                        0x000000010284fb9e chromedriver + 4676510
10  chromedriver                        0x000000010285491e chromedriver + 4696350
11  chromedriver                        0x000000010285c19f chromedriver + 4727199
12  chromedriver                        0x000000010285581a chromedriver + 4700186
13  chromedriver                        0x0000000102828a62 chromedriver + 4516450
14  chromedriver                        0x00000001028748c8 chromedriver + 4827336
15  chromedriver                        0x0000000102874a45 chromedriver + 4827717
16  chromedriver                        0x000000010288a7ef chromedriver + 4917231
17  libsystem_pthread.dylib             0x00007ff80d76b259 _pthread_start + 125
18  libsystem_pthread.dylib             0x00007ff80d766c7b thread_start + 15
</msg>
<status status="FAIL" starttime="20230129 18:07:26.854" endtime="20230129 18:07:26.864"/>
</kw>
<kw name="Open Available Browser" library="RPA.Browser.Selenium">
<arg>https://robotsparebinindustries.com/#/robot-order</arg>
<doc>Attempts to open a browser on the user's device from a set of
supported browsers. Automatically downloads a corresponding webdriver
if none is already installed.</doc>
<status status="PASS" starttime="20230129 18:08:00.313" endtime="20230129 18:08:09.536"/>
</kw>
<kw name="Select From List By Value" library="RPA.Browser.Selenium">
<arg>name:head</arg>
<arg>1</arg>
<doc>Selects options from selection list ``locator`` by ``values``.</doc>
<status status="PASS" starttime="20230129 18:08:16.325" endtime="20230129 18:08:16.752"/>
</kw>
<kw name="Select Radio Button" library="RPA.Browser.Selenium">
<arg>body</arg>
<arg>1</arg>
<doc>Sets the radio button group ``group_name`` to ``value``.</doc>
<status status="PASS" starttime="20230129 18:11:52.838" endtime="20230129 18:11:52.969"/>
</kw>
<kw name="Open Available Browser" library="RPA.Browser.Selenium">
<arg>https://robotsparebinindustries.com/#/robot-order</arg>
<doc>Attempts to open a browser on the user's device from a set of
supported browsers. Automatically downloads a corresponding webdriver
if none is already installed.</doc>
<status status="PASS" starttime="20230129 18:23:20.143" endtime="20230129 18:23:28.632"/>
</kw>
<kw name="Input Text" library="RPA.Browser.Selenium">
<arg>placeholder:Enter the part number for the legs</arg>
<arg>1</arg>
<doc>Types the given ``text`` into the text field identified by ``locator``.</doc>
<msg timestamp="20230129 18:23:41.020" level="FAIL">Element with locator 'placeholder:Enter the part number for the legs' not found.</msg>
<status status="FAIL" starttime="20230129 18:23:40.672" endtime="20230129 18:23:41.021"/>
</kw>
<kw name="Input Text" library="RPA.Browser.Selenium">
<arg>id:16*</arg>
<arg>1</arg>
<doc>Types the given ``text`` into the text field identified by ``locator``.</doc>
<msg timestamp="20230129 18:24:34.914" level="FAIL">Element with locator 'id:16*' not found.</msg>
<status status="FAIL" starttime="20230129 18:24:34.777" endtime="20230129 18:24:34.915"/>
</kw>
<kw name="Input Text" library="RPA.Browser.Selenium">
<arg>id:1675*</arg>
<arg>1</arg>
<doc>Types the given ``text`` into the text field identified by ``locator``.</doc>
<msg timestamp="20230129 18:33:03.017" level="FAIL">Element with locator 'id:1675*' not found.</msg>
<status status="FAIL" starttime="20230129 18:33:02.878" endtime="20230129 18:33:03.017"/>
</kw>
<kw name="Input Text" library="RPA.Browser.Selenium">
<arg>id:167501300*</arg>
<arg>1</arg>
<doc>Types the given ``text`` into the text field identified by ``locator``.</doc>
<msg timestamp="20230129 18:33:49.741" level="FAIL">Element with locator 'id:167501300*' not found.</msg>
<status status="FAIL" starttime="20230129 18:33:49.594" endtime="20230129 18:33:49.742"/>
</kw>
<kw name="Input Text" library="RPA.Browser.Selenium">
<arg>id:167501300[*]</arg>
<arg>1</arg>
<doc>Types the given ``text`` into the text field identified by ``locator``.</doc>
<msg timestamp="20230129 18:34:14.460" level="FAIL">Element with locator 'id:167501300[*]' not found.</msg>
<status status="FAIL" starttime="20230129 18:34:14.378" endtime="20230129 18:34:14.460"/>
</kw>
<kw name="Input Text" library="RPA.Browser.Selenium">
<arg>id:167501300[\*]</arg>
<arg>1</arg>
<doc>Types the given ``text`` into the text field identified by ``locator``.</doc>
<msg timestamp="20230129 18:34:33.258" level="FAIL">Element with locator 'id:167501300[*]' not found.</msg>
<status status="FAIL" starttime="20230129 18:34:33.165" endtime="20230129 18:34:33.258"/>
</kw>
<kw name="Input Text" library="RPA.Browser.Selenium">
<arg>min:1</arg>
<arg>1